<?xml version="1.0" encoding="UTF-8"?>
<!-- Generated by org.testng.reporters.JUnitXMLReporter -->
<testsuite hostname="DESKTOP-02AJMVU" ignored="0" name="Default test" tests="3" failures="0" timestamp="2020-04-24T16:51:43 CDT" time="0.076" errors="0">
  <testcase name="f" time="0.005" classname="com.regression.Test_1"/>
  <testcase name="f" time="0.002" classname="com.regression.Flight_Test_Singleton"/>
  <testcase name="f" time="0.002" classname="com.regression.Flight_Second_Test"/>
</testsuite> <!-- Default test -->
