<?xml version="1.0" encoding="UTF-8"?>
<!-- Generated by org.testng.reporters.JUnitXMLReporter -->
<testsuite hostname="DESKTOP-02AJMVU" ignored="0" name="Test" tests="3" failures="0" timestamp="2020-05-04T16:53:50 CDT" time="51.137" errors="0">
  <testcase name="f" time="24.689" classname="com.regression.Test_1"/>
  <testcase name="f" time="17.738" classname="com.regression.Test_2"/>
  <testcase name="h" time="0.002" classname="com.regression.Flight_Test_Singleton">
    <skipped/>
  </testcase> <!-- h -->
</testsuite> <!-- Test -->
