<?xml version="1.0" encoding="UTF-8"?>
<testng-results skipped="1" failed="0" ignored="0" total="2" passed="1">
  <reporter-output>
  </reporter-output>
  <suite name="Suite" duration-ms="15532" started-at="2020-05-06T17:20:11 CDT" finished-at="2020-05-06T17:20:27 CDT">
    <groups>
    </groups>
    <test name="Test" duration-ms="15532" started-at="2020-05-06T17:20:11 CDT" finished-at="2020-05-06T17:20:27 CDT">
      <class name="com.regression.Test_2">
        <test-method status="PASS" signature="beforeMethod()[pri:0, instance:com.regression.Test_2@6273c5a4]" name="beforeMethod" is-config="true" duration-ms="505" started-at="2020-05-06T17:20:11 CDT" finished-at="2020-05-06T17:20:12 CDT">
          <reporter-output>
          </reporter-output>
        </test-method> <!-- beforeMethod -->
        <test-method status="PASS" signature="f()[pri:0, instance:com.regression.Test_2@6273c5a4]" name="f" duration-ms="12005" started-at="2020-05-06T17:20:12 CDT" finished-at="2020-05-06T17:20:24 CDT">
          <reporter-output>
          </reporter-output>
        </test-method> <!-- f -->
        <test-method status="PASS" signature="AfterMethod()[pri:0, instance:com.regression.Test_2@6273c5a4]" name="AfterMethod" is-config="true" duration-ms="2940" started-at="2020-05-06T17:20:24 CDT" finished-at="2020-05-06T17:20:27 CDT">
          <reporter-output>
          </reporter-output>
        </test-method> <!-- AfterMethod -->
      </class> <!-- com.regression.Test_2 -->
      <class name="com.regression.Flight_Test_Singleton">
        <test-method status="PASS" signature="beforeMethod()[pri:0, instance:com.regression.Flight_Test_Singleton@5d465e4b]" name="beforeMethod" is-config="true" duration-ms="370" started-at="2020-05-06T17:20:11 CDT" finished-at="2020-05-06T17:20:12 CDT">
          <reporter-output>
          </reporter-output>
        </test-method> <!-- beforeMethod -->
        <test-method status="SKIP" signature="h()[pri:0, instance:com.regression.Flight_Test_Singleton@5d465e4b]" name="h" duration-ms="23" started-at="2020-05-06T17:20:12 CDT" finished-at="2020-05-06T17:20:12 CDT">
          <exception class="org.testng.SkipException">
            <message>
              <![CDATA[This is the exception]]>
            </message>
            <full-stacktrace>
              <![CDATA[org.testng.SkipException: This is the exception
at com.regression.Flight_Test_Singleton.h(Flight_Test_Singleton.java:17)
at sun.reflect.NativeMethodAccessorImpl.invoke0(Native Method)
at sun.reflect.NativeMethodAccessorImpl.invoke(Unknown Source)
at sun.reflect.DelegatingMethodAccessorImpl.invoke(Unknown Source)
at java.lang.reflect.Method.invoke(Unknown Source)
at org.testng.internal.MethodInvocationHelper.invokeMethod(MethodInvocationHelper.java:134)
at org.testng.internal.TestInvoker.invokeMethod(TestInvoker.java:597)
at org.testng.internal.TestInvoker.invokeTestMethod(TestInvoker.java:173)
at org.testng.internal.MethodRunner.runInSequence(MethodRunner.java:46)
at org.testng.internal.TestInvoker$MethodInvocationAgent.invoke(TestInvoker.java:816)
at org.testng.internal.TestInvoker.invokeTestMethods(TestInvoker.java:146)
at org.testng.internal.TestMethodWorker.invokeTestMethods(TestMethodWorker.java:146)
at org.testng.internal.TestMethodWorker.run(TestMethodWorker.java:128)
at java.util.concurrent.ThreadPoolExecutor.runWorker(Unknown Source)
at java.util.concurrent.ThreadPoolExecutor$Worker.run(Unknown Source)
at java.lang.Thread.run(Unknown Source)
]]>
            </full-stacktrace>
          </exception> <!-- org.testng.SkipException -->
          <reporter-output>
          </reporter-output>
        </test-method> <!-- h -->
        <test-method status="PASS" signature="AfterMethod()[pri:0, instance:com.regression.Flight_Test_Singleton@5d465e4b]" name="AfterMethod" is-config="true" duration-ms="1912" started-at="2020-05-06T17:20:12 CDT" finished-at="2020-05-06T17:20:14 CDT">
          <reporter-output>
          </reporter-output>
        </test-method> <!-- AfterMethod -->
      </class> <!-- com.regression.Flight_Test_Singleton -->
    </test> <!-- Test -->
  </suite> <!-- Suite -->
</testng-results>
